<?xml version="1.0" encoding="UTF-8"?>
<testng-results ignored="0" total="1" passed="1" failed="0" skipped="0">
  <reporter-output>
  </reporter-output>
  <suite started-at="2024-08-07T15:11:17 IST" name="Default suite" finished-at="2024-08-07T15:11:23 IST" duration-ms="5971">
    <groups>
    </groups>
    <test started-at="2024-08-07T15:11:17 IST" name="Default test" finished-at="2024-08-07T15:11:23 IST" duration-ms="5971">
      <class name="testCases.TC001_Account_Registration_Test">
        <test-method is-config="true" signature="setup()[pri:0, instance:testCases.TC001_Account_Registration_Test@5ab956d7]" started-at="2024-08-07T15:11:17 IST" name="setup" finished-at="2024-08-07T15:11:19 IST" duration-ms="2368" status="PASS">
          <reporter-output>
          </reporter-output>
        </test-method> <!-- setup -->
        <test-method signature="verifyAccountRegister()[pri:0, instance:testCases.TC001_Account_Registration_Test@5ab956d7]" started-at="2024-08-07T15:11:19 IST" name="verifyAccountRegister" finished-at="2024-08-07T15:11:23 IST" duration-ms="3556" status="PASS">
          <reporter-output>
          </reporter-output>
        </test-method> <!-- verifyAccountRegister -->
        <test-method is-config="true" signature="tearDown()[pri:0, instance:testCases.TC001_Account_Registration_Test@5ab956d7]" started-at="2024-08-07T15:11:23 IST" name="tearDown" finished-at="2024-08-07T15:11:23 IST" duration-ms="0" status="PASS">
          <reporter-output>
          </reporter-output>
        </test-method> <!-- tearDown -->
      </class> <!-- testCases.TC001_Account_Registration_Test -->
    </test> <!-- Default test -->
  </suite> <!-- Default suite -->
</testng-results>
