<?xml version="1.0" encoding="UTF-8"?>
<testng-results ignored="0" total="1" passed="1" failed="0" skipped="0">
  <reporter-output>
  </reporter-output>
  <suite started-at="2024-08-16T17:33:54 IST" name="Default suite" finished-at="2024-08-16T17:34:11 IST" duration-ms="16557">
    <groups>
    </groups>
    <test started-at="2024-08-16T17:33:54 IST" name="Default test" finished-at="2024-08-16T17:34:11 IST" duration-ms="16557">
      <class name="testCases.TC001_Account_Registration_Test">
        <test-method is-config="true" signature="setup()[pri:0, instance:testCases.TC001_Account_Registration_Test@2e11485]" started-at="2024-08-16T17:33:54 IST" name="setup" finished-at="2024-08-16T17:34:02 IST" duration-ms="7956" status="PASS">
          <reporter-output>
          </reporter-output>
        </test-method> <!-- setup -->
        <test-method signature="verifyAccountRegister()[pri:0, instance:testCases.TC001_Account_Registration_Test@2e11485]" started-at="2024-08-16T17:34:02 IST" name="verifyAccountRegister" finished-at="2024-08-16T17:34:10 IST" duration-ms="8329" status="PASS">
          <reporter-output>
          </reporter-output>
        </test-method> <!-- verifyAccountRegister -->
        <test-method is-config="true" signature="tearDown()[pri:0, instance:testCases.TC001_Account_Registration_Test@2e11485]" started-at="2024-08-16T17:34:10 IST" name="tearDown" finished-at="2024-08-16T17:34:11 IST" duration-ms="210" status="PASS">
          <reporter-output>
          </reporter-output>
        </test-method> <!-- tearDown -->
      </class> <!-- testCases.TC001_Account_Registration_Test -->
    </test> <!-- Default test -->
  </suite> <!-- Default suite -->
</testng-results>
